2025-07-17T15:37:42.758+05:30  INFO 16252 --- [Employee_Directory] [restartedMain] c.e.E.EmployeeDirectoryApplication       : Starting EmployeeDirectoryApplication using Java 22.0.2 with PID 16252 (E:\java-springboot\Employee_Directory\Employee_Directory\target\classes started by Aamir in E:\java-springboot\Employee_Directory\Employee_Directory)
2025-07-17T15:37:42.762+05:30  INFO 16252 --- [Employee_Directory] [restartedMain] c.e.E.EmployeeDirectoryApplication       : No active profile set, falling back to 1 default profile: "default"
2025-07-17T15:37:42.848+05:30  INFO 16252 --- [Employee_Directory] [restartedMain] .e.DevToolsPropertyDefaultsPostProcessor : Devtools property defaults active! Set 'spring.devtools.add-properties' to 'false' to disable
2025-07-17T15:37:42.849+05:30  INFO 16252 --- [Employee_Directory] [restartedMain] .e.DevToolsPropertyDefaultsPostProcessor : For additional web related logging consider setting the 'logging.level.web' property to 'DEBUG'
2025-07-17T15:37:43.530+05:30  INFO 16252 --- [Employee_Directory] [restartedMain] .s.d.r.c.RepositoryConfigurationDelegate : Bootstrapping Spring Data JPA repositories in DEFAULT mode.
2025-07-17T15:37:43.562+05:30  INFO 16252 --- [Employee_Directory] [restartedMain] .s.d.r.c.RepositoryConfigurationDelegate : Finished Spring Data repository scanning in 17 ms. Found 0 JPA repository interfaces.
2025-07-17T15:37:44.148+05:30  INFO 16252 --- [Employee_Directory] [restartedMain] o.s.b.w.embedded.tomcat.TomcatWebServer  : Tomcat initialized with port 8080 (http)
2025-07-17T15:37:44.170+05:30  INFO 16252 --- [Employee_Directory] [restartedMain] o.apache.catalina.core.StandardService   : Starting service [Tomcat]
2025-07-17T15:37:44.171+05:30  INFO 16252 --- [Employee_Directory] [restartedMain] o.apache.catalina.core.StandardEngine    : Starting Servlet engine: [Apache Tomcat/10.1.42]
2025-07-17T15:37:44.224+05:30  INFO 16252 --- [Employee_Directory] [restartedMain] o.a.c.c.C.[Tomcat].[localhost].[/]       : Initializing Spring embedded WebApplicationContext
2025-07-17T15:37:44.224+05:30  INFO 16252 --- [Employee_Directory] [restartedMain] w.s.c.ServletWebServerApplicationContext : Root WebApplicationContext: initialization completed in 1374 ms
2025-07-17T15:37:44.343+05:30  INFO 16252 --- [Employee_Directory] [restartedMain] com.zaxxer.hikari.HikariDataSource       : HikariPool-1 - Starting...
2025-07-17T15:37:44.754+05:30  INFO 16252 --- [Employee_Directory] [restartedMain] com.zaxxer.hikari.pool.HikariPool        : HikariPool-1 - Added connection com.mysql.cj.jdbc.ConnectionImpl@28ad06b6
2025-07-17T15:37:44.755+05:30  INFO 16252 --- [Employee_Directory] [restartedMain] com.zaxxer.hikari.HikariDataSource       : HikariPool-1 - Start completed.
2025-07-17T15:37:45.133+05:30  WARN 16252 --- [Employee_Directory] [restartedMain] ConfigServletWebServerApplicationContext : Exception encountered during context initialization - cancelling refresh attempt: org.springframework.beans.factory.BeanCreationException: Error creating bean with name 'entityManagerFactory' defined in class path resource [org/springframework/boot/autoconfigure/orm/jpa/HibernateJpaConfiguration.class]: Failed to initialize dependency 'dataSourceScriptDatabaseInitializer' of LoadTimeWeaverAware bean 'entityManagerFactory': Error creating bean with name 'dataSourceScriptDatabaseInitializer' defined in class path resource [org/springframework/boot/autoconfigure/sql/init/DataSourceInitializationConfiguration.class]: Failed to execute SQL script statement #1 of class path resource [schema.sql]: create table EmployeeOffice (id int primary key, name varchar(100), designation varchar(100), salary varchar(100))
2025-07-17T15:37:45.134+05:30  INFO 16252 --- [Employee_Directory] [restartedMain] com.zaxxer.hikari.HikariDataSource       : HikariPool-1 - Shutdown initiated...
2025-07-17T15:37:45.171+05:30  INFO 16252 --- [Employee_Directory] [restartedMain] com.zaxxer.hikari.HikariDataSource       : HikariPool-1 - Shutdown completed.
2025-07-17T15:37:45.173+05:30  INFO 16252 --- [Employee_Directory] [restartedMain] o.apache.catalina.core.StandardService   : Stopping service [Tomcat]
2025-07-17T15:37:45.181+05:30  INFO 16252 --- [Employee_Directory] [restartedMain] .s.b.a.l.ConditionEvaluationReportLogger : 

Error starting ApplicationContext. To display the condition evaluation report re-run your application with 'debug' enabled.
2025-07-17T15:37:45.199+05:30 ERROR 16252 --- [Employee_Directory] [restartedMain] o.s.boot.SpringApplication               : Application run failed

org.springframework.beans.factory.BeanCreationException: Error creating bean with name 'entityManagerFactory' defined in class path resource [org/springframework/boot/autoconfigure/orm/jpa/HibernateJpaConfiguration.class]: Failed to initialize dependency 'dataSourceScriptDatabaseInitializer' of LoadTimeWeaverAware bean 'entityManagerFactory': Error creating bean with name 'dataSourceScriptDatabaseInitializer' defined in class path resource [org/springframework/boot/autoconfigure/sql/init/DataSourceInitializationConfiguration.class]: Failed to execute SQL script statement #1 of class path resource [schema.sql]: create table EmployeeOffice (id int primary key, name varchar(100), designation varchar(100), salary varchar(100))
	at org.springframework.beans.factory.support.AbstractBeanFactory.doGetBean(AbstractBeanFactory.java:328) ~[spring-beans-6.2.8.jar:6.2.8]
	at org.springframework.beans.factory.support.AbstractBeanFactory.getBean(AbstractBeanFactory.java:207) ~[spring-beans-6.2.8.jar:6.2.8]
	at org.springframework.context.support.AbstractApplicationContext.finishBeanFactoryInitialization(AbstractApplicationContext.java:970) ~[spring-context-6.2.8.jar:6.2.8]
	at org.springframework.context.support.AbstractApplicationContext.refresh(AbstractApplicationContext.java:627) ~[spring-context-6.2.8.jar:6.2.8]
	at org.springframework.boot.web.servlet.context.ServletWebServerApplicationContext.refresh(ServletWebServerApplicationContext.java:146) ~[spring-boot-3.5.3.jar:3.5.3]
	at org.springframework.boot.SpringApplication.refresh(SpringApplication.java:752) ~[spring-boot-3.5.3.jar:3.5.3]
	at org.springframework.boot.SpringApplication.refreshContext(SpringApplication.java:439) ~[spring-boot-3.5.3.jar:3.5.3]
	at org.springframework.boot.SpringApplication.run(SpringApplication.java:318) ~[spring-boot-3.5.3.jar:3.5.3]
	at org.springframework.boot.SpringApplication.run(SpringApplication.java:1361) ~[spring-boot-3.5.3.jar:3.5.3]
	at org.springframework.boot.SpringApplication.run(SpringApplication.java:1350) ~[spring-boot-3.5.3.jar:3.5.3]
	at com.example.Employee_Directory.EmployeeDirectoryApplication.main(EmployeeDirectoryApplication.java:14) ~[classes/:na]
	at java.base/jdk.internal.reflect.DirectMethodHandleAccessor.invoke(DirectMethodHandleAccessor.java:103) ~[na:na]
	at java.base/java.lang.reflect.Method.invoke(Method.java:580) ~[na:na]
	at org.springframework.boot.devtools.restart.RestartLauncher.run(RestartLauncher.java:50) ~[spring-boot-devtools-3.5.3.jar:3.5.3]
Caused by: org.springframework.beans.factory.BeanCreationException: Error creating bean with name 'dataSourceScriptDatabaseInitializer' defined in class path resource [org/springframework/boot/autoconfigure/sql/init/DataSourceInitializationConfiguration.class]: Failed to execute SQL script statement #1 of class path resource [schema.sql]: create table EmployeeOffice (id int primary key, name varchar(100), designation varchar(100), salary varchar(100))
	at org.springframework.beans.factory.support.AbstractAutowireCapableBeanFactory.initializeBean(AbstractAutowireCapableBeanFactory.java:1826) ~[spring-beans-6.2.8.jar:6.2.8]
	at org.springframework.beans.factory.support.AbstractAutowireCapableBeanFactory.doCreateBean(AbstractAutowireCapableBeanFactory.java:607) ~[spring-beans-6.2.8.jar:6.2.8]
	at org.springframework.beans.factory.support.AbstractAutowireCapableBeanFactory.createBean(AbstractAutowireCapableBeanFactory.java:529) ~[spring-beans-6.2.8.jar:6.2.8]
	at org.springframework.beans.factory.support.AbstractBeanFactory.lambda$doGetBean$0(AbstractBeanFactory.java:339) ~[spring-beans-6.2.8.jar:6.2.8]
	at org.springframework.beans.factory.support.DefaultSingletonBeanRegistry.getSingleton(DefaultSingletonBeanRegistry.java:373) ~[spring-beans-6.2.8.jar:6.2.8]
	at org.springframework.beans.factory.support.AbstractBeanFactory.doGetBean(AbstractBeanFactory.java:337) ~[spring-beans-6.2.8.jar:6.2.8]
	at org.springframework.beans.factory.support.AbstractBeanFactory.getBean(AbstractBeanFactory.java:202) ~[spring-beans-6.2.8.jar:6.2.8]
	at org.springframework.beans.factory.support.AbstractBeanFactory.doGetBean(AbstractBeanFactory.java:315) ~[spring-beans-6.2.8.jar:6.2.8]
	... 13 common frames omitted
Caused by: org.springframework.jdbc.datasource.init.ScriptStatementFailedException: Failed to execute SQL script statement #1 of class path resource [schema.sql]: create table EmployeeOffice (id int primary key, name varchar(100), designation varchar(100), salary varchar(100))
	at org.springframework.jdbc.datasource.init.ScriptUtils.executeSqlScript(ScriptUtils.java:282) ~[spring-jdbc-6.2.8.jar:6.2.8]
	at org.springframework.jdbc.datasource.init.ResourceDatabasePopulator.populate(ResourceDatabasePopulator.java:254) ~[spring-jdbc-6.2.8.jar:6.2.8]
	at org.springframework.jdbc.datasource.init.DatabasePopulatorUtils.execute(DatabasePopulatorUtils.java:54) ~[spring-jdbc-6.2.8.jar:6.2.8]
	at org.springframework.boot.jdbc.init.DataSourceScriptDatabaseInitializer.runScripts(DataSourceScriptDatabaseInitializer.java:87) ~[spring-boot-3.5.3.jar:3.5.3]
	at org.springframework.boot.sql.init.AbstractScriptDatabaseInitializer.runScripts(AbstractScriptDatabaseInitializer.java:146) ~[spring-boot-3.5.3.jar:3.5.3]
	at org.springframework.boot.sql.init.AbstractScriptDatabaseInitializer.applyScripts(AbstractScriptDatabaseInitializer.java:108) ~[spring-boot-3.5.3.jar:3.5.3]
	at org.springframework.boot.sql.init.AbstractScriptDatabaseInitializer.applySchemaScripts(AbstractScriptDatabaseInitializer.java:98) ~[spring-boot-3.5.3.jar:3.5.3]
	at org.springframework.boot.sql.init.AbstractScriptDatabaseInitializer.initializeDatabase(AbstractScriptDatabaseInitializer.java:76) ~[spring-boot-3.5.3.jar:3.5.3]
	at org.springframework.boot.sql.init.AbstractScriptDatabaseInitializer.afterPropertiesSet(AbstractScriptDatabaseInitializer.java:66) ~[spring-boot-3.5.3.jar:3.5.3]
	at org.springframework.beans.factory.support.AbstractAutowireCapableBeanFactory.invokeInitMethods(AbstractAutowireCapableBeanFactory.java:1873) ~[spring-beans-6.2.8.jar:6.2.8]
	at org.springframework.beans.factory.support.AbstractAutowireCapableBeanFactory.initializeBean(AbstractAutowireCapableBeanFactory.java:1822) ~[spring-beans-6.2.8.jar:6.2.8]
	... 20 common frames omitted
Caused by: java.sql.SQLSyntaxErrorException: Table 'employeeoffice' already exists
	at com.mysql.cj.jdbc.exceptions.SQLError.createSQLException(SQLError.java:112) ~[mysql-connector-j-9.2.0.jar:9.2.0]
	at com.mysql.cj.jdbc.exceptions.SQLExceptionsMapping.translateException(SQLExceptionsMapping.java:114) ~[mysql-connector-j-9.2.0.jar:9.2.0]
	at com.mysql.cj.jdbc.StatementImpl.executeInternal(StatementImpl.java:837) ~[mysql-connector-j-9.2.0.jar:9.2.0]
	at com.mysql.cj.jdbc.StatementImpl.execute(StatementImpl.java:685) ~[mysql-connector-j-9.2.0.jar:9.2.0]
	at com.zaxxer.hikari.pool.ProxyStatement.execute(ProxyStatement.java:95) ~[HikariCP-6.3.0.jar:na]
	at com.zaxxer.hikari.pool.HikariProxyStatement.execute(HikariProxyStatement.java) ~[HikariCP-6.3.0.jar:na]
	at org.springframework.jdbc.datasource.init.ScriptUtils.executeSqlScript(ScriptUtils.java:261) ~[spring-jdbc-6.2.8.jar:6.2.8]
	... 30 common frames omitted

2025-07-17T15:38:13.649+05:30  INFO 13124 --- [Employee_Directory] [restartedMain] c.e.E.EmployeeDirectoryApplication       : Starting EmployeeDirectoryApplication using Java 22.0.2 with PID 13124 (E:\java-springboot\Employee_Directory\Employee_Directory\target\classes started by Aamir in E:\java-springboot\Employee_Directory\Employee_Directory)
2025-07-17T15:38:13.651+05:30  INFO 13124 --- [Employee_Directory] [restartedMain] c.e.E.EmployeeDirectoryApplication       : No active profile set, falling back to 1 default profile: "default"
2025-07-17T15:38:13.730+05:30  INFO 13124 --- [Employee_Directory] [restartedMain] .e.DevToolsPropertyDefaultsPostProcessor : Devtools property defaults active! Set 'spring.devtools.add-properties' to 'false' to disable
2025-07-17T15:38:13.730+05:30  INFO 13124 --- [Employee_Directory] [restartedMain] .e.DevToolsPropertyDefaultsPostProcessor : For additional web related logging consider setting the 'logging.level.web' property to 'DEBUG'
2025-07-17T15:38:14.518+05:30  INFO 13124 --- [Employee_Directory] [restartedMain] .s.d.r.c.RepositoryConfigurationDelegate : Bootstrapping Spring Data JPA repositories in DEFAULT mode.
2025-07-17T15:38:14.560+05:30  INFO 13124 --- [Employee_Directory] [restartedMain] .s.d.r.c.RepositoryConfigurationDelegate : Finished Spring Data repository scanning in 23 ms. Found 0 JPA repository interfaces.
2025-07-17T15:38:15.102+05:30  INFO 13124 --- [Employee_Directory] [restartedMain] o.s.b.w.embedded.tomcat.TomcatWebServer  : Tomcat initialized with port 8080 (http)
2025-07-17T15:38:15.121+05:30  INFO 13124 --- [Employee_Directory] [restartedMain] o.apache.catalina.core.StandardService   : Starting service [Tomcat]
2025-07-17T15:38:15.121+05:30  INFO 13124 --- [Employee_Directory] [restartedMain] o.apache.catalina.core.StandardEngine    : Starting Servlet engine: [Apache Tomcat/10.1.42]
2025-07-17T15:38:15.188+05:30  INFO 13124 --- [Employee_Directory] [restartedMain] o.a.c.c.C.[Tomcat].[localhost].[/]       : Initializing Spring embedded WebApplicationContext
2025-07-17T15:38:15.188+05:30  INFO 13124 --- [Employee_Directory] [restartedMain] w.s.c.ServletWebServerApplicationContext : Root WebApplicationContext: initialization completed in 1457 ms
2025-07-17T15:38:15.427+05:30  INFO 13124 --- [Employee_Directory] [restartedMain] o.hibernate.jpa.internal.util.LogHelper  : HHH000204: Processing PersistenceUnitInfo [name: default]
2025-07-17T15:38:15.525+05:30  INFO 13124 --- [Employee_Directory] [restartedMain] org.hibernate.Version                    : HHH000412: Hibernate ORM core version 6.6.18.Final
2025-07-17T15:38:15.565+05:30  INFO 13124 --- [Employee_Directory] [restartedMain] o.h.c.internal.RegionFactoryInitiator    : HHH000026: Second-level cache disabled
2025-07-17T15:38:15.975+05:30  INFO 13124 --- [Employee_Directory] [restartedMain] o.s.o.j.p.SpringPersistenceUnitInfo      : No LoadTimeWeaver setup: ignoring JPA class transformer
2025-07-17T15:38:16.021+05:30  INFO 13124 --- [Employee_Directory] [restartedMain] com.zaxxer.hikari.HikariDataSource       : HikariPool-1 - Starting...
2025-07-17T15:38:16.481+05:30  INFO 13124 --- [Employee_Directory] [restartedMain] com.zaxxer.hikari.pool.HikariPool        : HikariPool-1 - Added connection com.mysql.cj.jdbc.ConnectionImpl@163576bd
2025-07-17T15:38:16.484+05:30  INFO 13124 --- [Employee_Directory] [restartedMain] com.zaxxer.hikari.HikariDataSource       : HikariPool-1 - Start completed.
2025-07-17T15:38:16.614+05:30  INFO 13124 --- [Employee_Directory] [restartedMain] org.hibernate.orm.connections.pooling    : HHH10001005: Database info:
	Database JDBC URL [Connecting through datasource 'HikariDataSource (HikariPool-1)']
	Database driver: undefined/unknown
	Database version: 8.0.37
	Autocommit mode: undefined/unknown
	Isolation level: undefined/unknown
	Minimum pool size: undefined/unknown
	Maximum pool size: undefined/unknown
2025-07-17T15:38:17.131+05:30  INFO 13124 --- [Employee_Directory] [restartedMain] o.h.e.t.j.p.i.JtaPlatformInitiator       : HHH000489: No JTA platform available (set 'hibernate.transaction.jta.platform' to enable JTA platform integration)
2025-07-17T15:38:17.137+05:30  INFO 13124 --- [Employee_Directory] [restartedMain] j.LocalContainerEntityManagerFactoryBean : Initialized JPA EntityManagerFactory for persistence unit 'default'
2025-07-17T15:38:17.215+05:30  WARN 13124 --- [Employee_Directory] [restartedMain] JpaBaseConfiguration$JpaWebConfiguration : spring.jpa.open-in-view is enabled by default. Therefore, database queries may be performed during view rendering. Explicitly configure spring.jpa.open-in-view to disable this warning
2025-07-17T15:38:18.072+05:30  INFO 13124 --- [Employee_Directory] [restartedMain] o.s.b.d.a.OptionalLiveReloadServer       : LiveReload server is running on port 35729
2025-07-17T15:38:18.150+05:30  INFO 13124 --- [Employee_Directory] [restartedMain] o.s.b.w.embedded.tomcat.TomcatWebServer  : Tomcat started on port 8080 (http) with context path '/'
2025-07-17T15:38:18.170+05:30  INFO 13124 --- [Employee_Directory] [restartedMain] c.e.E.EmployeeDirectoryApplication       : Started EmployeeDirectoryApplication in 5.154 seconds (process running for 5.614)
2025-07-17T15:38:18.188+05:30  INFO 13124 --- [Employee_Directory] [restartedMain] o.s.b.w.e.tomcat.GracefulShutdown        : Commencing graceful shutdown. Waiting for active requests to complete
2025-07-17T15:38:18.207+05:30  INFO 13124 --- [Employee_Directory] [tomcat-shutdown] o.s.b.w.e.tomcat.GracefulShutdown        : Graceful shutdown complete
2025-07-17T15:38:18.213+05:30  INFO 13124 --- [Employee_Directory] [restartedMain] j.LocalContainerEntityManagerFactoryBean : Closing JPA EntityManagerFactory for persistence unit 'default'
2025-07-17T15:38:18.222+05:30  INFO 13124 --- [Employee_Directory] [restartedMain] com.zaxxer.hikari.HikariDataSource       : HikariPool-1 - Shutdown initiated...
2025-07-17T15:38:18.236+05:30  INFO 13124 --- [Employee_Directory] [restartedMain] com.zaxxer.hikari.HikariDataSource       : HikariPool-1 - Shutdown completed.
2025-07-17T15:40:07.254+05:30  INFO 53556 --- [Employee_Directory] [restartedMain] c.e.E.EmployeeDirectoryApplication       : Starting EmployeeDirectoryApplication using Java 22.0.2 with PID 53556 (E:\java-springboot\Employee_Directory\Employee_Directory\target\classes started by Aamir in E:\java-springboot\Employee_Directory\Employee_Directory)
2025-07-17T15:40:07.257+05:30  INFO 53556 --- [Employee_Directory] [restartedMain] c.e.E.EmployeeDirectoryApplication       : No active profile set, falling back to 1 default profile: "default"
2025-07-17T15:40:07.349+05:30  INFO 53556 --- [Employee_Directory] [restartedMain] .e.DevToolsPropertyDefaultsPostProcessor : Devtools property defaults active! Set 'spring.devtools.add-properties' to 'false' to disable
2025-07-17T15:40:07.349+05:30  INFO 53556 --- [Employee_Directory] [restartedMain] .e.DevToolsPropertyDefaultsPostProcessor : For additional web related logging consider setting the 'logging.level.web' property to 'DEBUG'
2025-07-17T15:40:08.253+05:30  INFO 53556 --- [Employee_Directory] [restartedMain] .s.d.r.c.RepositoryConfigurationDelegate : Bootstrapping Spring Data JPA repositories in DEFAULT mode.
2025-07-17T15:40:08.289+05:30  INFO 53556 --- [Employee_Directory] [restartedMain] .s.d.r.c.RepositoryConfigurationDelegate : Finished Spring Data repository scanning in 20 ms. Found 0 JPA repository interfaces.
2025-07-17T15:40:09.090+05:30  INFO 53556 --- [Employee_Directory] [restartedMain] o.s.b.w.embedded.tomcat.TomcatWebServer  : Tomcat initialized with port 8080 (http)
2025-07-17T15:40:09.115+05:30  INFO 53556 --- [Employee_Directory] [restartedMain] o.apache.catalina.core.StandardService   : Starting service [Tomcat]
2025-07-17T15:40:09.115+05:30  INFO 53556 --- [Employee_Directory] [restartedMain] o.apache.catalina.core.StandardEngine    : Starting Servlet engine: [Apache Tomcat/10.1.42]
2025-07-17T15:40:09.162+05:30  INFO 53556 --- [Employee_Directory] [restartedMain] o.a.c.c.C.[Tomcat].[localhost].[/]       : Initializing Spring embedded WebApplicationContext
2025-07-17T15:40:09.162+05:30  INFO 53556 --- [Employee_Directory] [restartedMain] w.s.c.ServletWebServerApplicationContext : Root WebApplicationContext: initialization completed in 1811 ms
2025-07-17T15:40:09.321+05:30  INFO 53556 --- [Employee_Directory] [restartedMain] com.zaxxer.hikari.HikariDataSource       : HikariPool-1 - Starting...
2025-07-17T15:40:09.843+05:30  INFO 53556 --- [Employee_Directory] [restartedMain] com.zaxxer.hikari.pool.HikariPool        : HikariPool-1 - Added connection com.mysql.cj.jdbc.ConnectionImpl@681989f0
2025-07-17T15:40:09.845+05:30  INFO 53556 --- [Employee_Directory] [restartedMain] com.zaxxer.hikari.HikariDataSource       : HikariPool-1 - Start completed.
2025-07-17T15:40:10.064+05:30  INFO 53556 --- [Employee_Directory] [restartedMain] o.hibernate.jpa.internal.util.LogHelper  : HHH000204: Processing PersistenceUnitInfo [name: default]
2025-07-17T15:40:10.159+05:30  INFO 53556 --- [Employee_Directory] [restartedMain] org.hibernate.Version                    : HHH000412: Hibernate ORM core version 6.6.18.Final
2025-07-17T15:40:10.229+05:30  INFO 53556 --- [Employee_Directory] [restartedMain] o.h.c.internal.RegionFactoryInitiator    : HHH000026: Second-level cache disabled
2025-07-17T15:40:10.688+05:30  INFO 53556 --- [Employee_Directory] [restartedMain] o.s.o.j.p.SpringPersistenceUnitInfo      : No LoadTimeWeaver setup: ignoring JPA class transformer
2025-07-17T15:40:10.857+05:30  INFO 53556 --- [Employee_Directory] [restartedMain] org.hibernate.orm.connections.pooling    : HHH10001005: Database info:
	Database JDBC URL [Connecting through datasource 'HikariDataSource (HikariPool-1)']
	Database driver: undefined/unknown
	Database version: 8.0.37
	Autocommit mode: undefined/unknown
	Isolation level: undefined/unknown
	Minimum pool size: undefined/unknown
	Maximum pool size: undefined/unknown
2025-07-17T15:40:11.194+05:30  INFO 53556 --- [Employee_Directory] [restartedMain] o.h.e.t.j.p.i.JtaPlatformInitiator       : HHH000489: No JTA platform available (set 'hibernate.transaction.jta.platform' to enable JTA platform integration)
2025-07-17T15:40:11.197+05:30  INFO 53556 --- [Employee_Directory] [restartedMain] j.LocalContainerEntityManagerFactoryBean : Initialized JPA EntityManagerFactory for persistence unit 'default'
2025-07-17T15:40:11.256+05:30  WARN 53556 --- [Employee_Directory] [restartedMain] JpaBaseConfiguration$JpaWebConfiguration : spring.jpa.open-in-view is enabled by default. Therefore, database queries may be performed during view rendering. Explicitly configure spring.jpa.open-in-view to disable this warning
2025-07-17T15:40:11.872+05:30  INFO 53556 --- [Employee_Directory] [restartedMain] o.s.b.d.a.OptionalLiveReloadServer       : LiveReload server is running on port 35729
2025-07-17T15:40:11.925+05:30  INFO 53556 --- [Employee_Directory] [restartedMain] o.s.b.w.embedded.tomcat.TomcatWebServer  : Tomcat started on port 8080 (http) with context path '/'
2025-07-17T15:40:11.940+05:30  INFO 53556 --- [Employee_Directory] [restartedMain] c.e.E.EmployeeDirectoryApplication       : Started EmployeeDirectoryApplication in 5.249 seconds (process running for 5.665)
2025-07-17T15:40:11.953+05:30  INFO 53556 --- [Employee_Directory] [restartedMain] o.s.b.w.e.tomcat.GracefulShutdown        : Commencing graceful shutdown. Waiting for active requests to complete
2025-07-17T15:40:11.968+05:30  INFO 53556 --- [Employee_Directory] [tomcat-shutdown] o.s.b.w.e.tomcat.GracefulShutdown        : Graceful shutdown complete
2025-07-17T15:40:11.974+05:30  INFO 53556 --- [Employee_Directory] [restartedMain] j.LocalContainerEntityManagerFactoryBean : Closing JPA EntityManagerFactory for persistence unit 'default'
2025-07-17T15:40:11.982+05:30  INFO 53556 --- [Employee_Directory] [restartedMain] com.zaxxer.hikari.HikariDataSource       : HikariPool-1 - Shutdown initiated...
2025-07-17T15:40:11.998+05:30  INFO 53556 --- [Employee_Directory] [restartedMain] com.zaxxer.hikari.HikariDataSource       : HikariPool-1 - Shutdown completed.
2025-07-17T15:40:24.824+05:30  INFO 12612 --- [Employee_Directory] [restartedMain] c.e.E.EmployeeDirectoryApplication       : Starting EmployeeDirectoryApplication using Java 22.0.2 with PID 12612 (E:\java-springboot\Employee_Directory\Employee_Directory\target\classes started by Aamir in E:\java-springboot\Employee_Directory\Employee_Directory)
2025-07-17T15:40:24.828+05:30  INFO 12612 --- [Employee_Directory] [restartedMain] c.e.E.EmployeeDirectoryApplication       : No active profile set, falling back to 1 default profile: "default"
2025-07-17T15:40:24.919+05:30  INFO 12612 --- [Employee_Directory] [restartedMain] .e.DevToolsPropertyDefaultsPostProcessor : Devtools property defaults active! Set 'spring.devtools.add-properties' to 'false' to disable
2025-07-17T15:40:24.919+05:30  INFO 12612 --- [Employee_Directory] [restartedMain] .e.DevToolsPropertyDefaultsPostProcessor : For additional web related logging consider setting the 'logging.level.web' property to 'DEBUG'
2025-07-17T15:40:25.834+05:30  INFO 12612 --- [Employee_Directory] [restartedMain] .s.d.r.c.RepositoryConfigurationDelegate : Bootstrapping Spring Data JPA repositories in DEFAULT mode.
2025-07-17T15:40:25.896+05:30  INFO 12612 --- [Employee_Directory] [restartedMain] .s.d.r.c.RepositoryConfigurationDelegate : Finished Spring Data repository scanning in 30 ms. Found 0 JPA repository interfaces.
2025-07-17T15:40:26.881+05:30  INFO 12612 --- [Employee_Directory] [restartedMain] o.s.b.w.embedded.tomcat.TomcatWebServer  : Tomcat initialized with port 8080 (http)
2025-07-17T15:40:26.913+05:30  INFO 12612 --- [Employee_Directory] [restartedMain] o.apache.catalina.core.StandardService   : Starting service [Tomcat]
2025-07-17T15:40:26.914+05:30  INFO 12612 --- [Employee_Directory] [restartedMain] o.apache.catalina.core.StandardEngine    : Starting Servlet engine: [Apache Tomcat/10.1.42]
2025-07-17T15:40:26.981+05:30  INFO 12612 --- [Employee_Directory] [restartedMain] o.a.c.c.C.[Tomcat].[localhost].[/]       : Initializing Spring embedded WebApplicationContext
2025-07-17T15:40:26.982+05:30  INFO 12612 --- [Employee_Directory] [restartedMain] w.s.c.ServletWebServerApplicationContext : Root WebApplicationContext: initialization completed in 2062 ms
2025-07-17T15:40:27.185+05:30  INFO 12612 --- [Employee_Directory] [restartedMain] com.zaxxer.hikari.HikariDataSource       : HikariPool-1 - Starting...
2025-07-17T15:40:27.820+05:30  INFO 12612 --- [Employee_Directory] [restartedMain] com.zaxxer.hikari.pool.HikariPool        : HikariPool-1 - Added connection com.mysql.cj.jdbc.ConnectionImpl@4b0510a0
2025-07-17T15:40:27.822+05:30  INFO 12612 --- [Employee_Directory] [restartedMain] com.zaxxer.hikari.HikariDataSource       : HikariPool-1 - Start completed.
2025-07-17T15:40:28.066+05:30  INFO 12612 --- [Employee_Directory] [restartedMain] o.hibernate.jpa.internal.util.LogHelper  : HHH000204: Processing PersistenceUnitInfo [name: default]
2025-07-17T15:40:28.208+05:30  INFO 12612 --- [Employee_Directory] [restartedMain] org.hibernate.Version                    : HHH000412: Hibernate ORM core version 6.6.18.Final
2025-07-17T15:40:28.285+05:30  INFO 12612 --- [Employee_Directory] [restartedMain] o.h.c.internal.RegionFactoryInitiator    : HHH000026: Second-level cache disabled
2025-07-17T15:40:28.855+05:30  INFO 12612 --- [Employee_Directory] [restartedMain] o.s.o.j.p.SpringPersistenceUnitInfo      : No LoadTimeWeaver setup: ignoring JPA class transformer
2025-07-17T15:40:29.060+05:30  INFO 12612 --- [Employee_Directory] [restartedMain] org.hibernate.orm.connections.pooling    : HHH10001005: Database info:
	Database JDBC URL [Connecting through datasource 'HikariDataSource (HikariPool-1)']
	Database driver: undefined/unknown
	Database version: 8.0.37
	Autocommit mode: undefined/unknown
	Isolation level: undefined/unknown
	Minimum pool size: undefined/unknown
	Maximum pool size: undefined/unknown
2025-07-17T15:40:29.695+05:30  INFO 12612 --- [Employee_Directory] [restartedMain] o.h.e.t.j.p.i.JtaPlatformInitiator       : HHH000489: No JTA platform available (set 'hibernate.transaction.jta.platform' to enable JTA platform integration)
2025-07-17T15:40:29.708+05:30  INFO 12612 --- [Employee_Directory] [restartedMain] j.LocalContainerEntityManagerFactoryBean : Initialized JPA EntityManagerFactory for persistence unit 'default'
2025-07-17T15:40:29.819+05:30  WARN 12612 --- [Employee_Directory] [restartedMain] JpaBaseConfiguration$JpaWebConfiguration : spring.jpa.open-in-view is enabled by default. Therefore, database queries may be performed during view rendering. Explicitly configure spring.jpa.open-in-view to disable this warning
2025-07-17T15:40:30.787+05:30  INFO 12612 --- [Employee_Directory] [restartedMain] o.s.b.d.a.OptionalLiveReloadServer       : LiveReload server is running on port 35729
2025-07-17T15:40:30.868+05:30  INFO 12612 --- [Employee_Directory] [restartedMain] o.s.b.w.embedded.tomcat.TomcatWebServer  : Tomcat started on port 8080 (http) with context path '/'
2025-07-17T15:40:30.889+05:30  INFO 12612 --- [Employee_Directory] [restartedMain] c.e.E.EmployeeDirectoryApplication       : Started EmployeeDirectoryApplication in 6.731 seconds (process running for 7.185)
2025-07-17T15:40:30.904+05:30  INFO 12612 --- [Employee_Directory] [restartedMain] o.s.b.w.e.tomcat.GracefulShutdown        : Commencing graceful shutdown. Waiting for active requests to complete
2025-07-17T15:40:30.923+05:30  INFO 12612 --- [Employee_Directory] [tomcat-shutdown] o.s.b.w.e.tomcat.GracefulShutdown        : Graceful shutdown complete
2025-07-17T15:40:30.931+05:30  INFO 12612 --- [Employee_Directory] [restartedMain] j.LocalContainerEntityManagerFactoryBean : Closing JPA EntityManagerFactory for persistence unit 'default'
2025-07-17T15:40:30.942+05:30  INFO 12612 --- [Employee_Directory] [restartedMain] com.zaxxer.hikari.HikariDataSource       : HikariPool-1 - Shutdown initiated...
2025-07-17T15:40:30.957+05:30  INFO 12612 --- [Employee_Directory] [restartedMain] com.zaxxer.hikari.HikariDataSource       : HikariPool-1 - Shutdown completed.
