25-08-07 12:56:54.022 [main] INFO  o.s.t.c.s.AnnotationConfigContextLoaderUtils - Could not detect default configuration classes for test class [com.example.Employee_Directory.service.RedisConnectivityTest]: RedisConnectivityTest does not declare any static, non-private, non-final, nested classes annotated with @Configuration. 
25-08-07 12:56:54.478 [main] INFO  o.s.b.t.c.SpringBootTestContextBootstrapper - Found @SpringBootConfiguration com.example.Employee_Directory.EmployeeDirectoryApplication for test class com.example.Employee_Directory.service.RedisConnectivityTest 
25-08-07 12:56:55.054 [main] INFO  o.s.b.d.r.RestartApplicationListener - Restart disabled due to context in which it is running 
25-08-07 12:56:55.902 [main] WARN  o.s.b.t.j.DuplicateJsonObjectContextCustomizerFactory$DuplicateJsonObjectContextCustomizer - 

Found multiple occurrences of org.json.JSONObject on the class path:

	jar:file:/C:/Users/Aamir/.m2/repository/org/json/json/20250107/json-20250107.jar!/org/json/JSONObject.class
	jar:file:/C:/Users/Aamir/.m2/repository/com/vaadin/external/google/android-json/0.0.20131108.vaadin1/android-json-0.0.20131108.vaadin1.jar!/org/json/JSONObject.class

You may wish to exclude one of them to ensure predictable runtime behavior
 
25-08-07 12:56:55.994 [main] INFO  c.e.E.service.RedisConnectivityTest - Starting RedisConnectivityTest using Java 22.0.2 with PID 30892 (started by Aamir in E:\java-springboot\Employee_Directory\Employee_Directory) 
25-08-07 12:56:55.997 [main] INFO  c.e.E.service.RedisConnectivityTest - No active profile set, falling back to 1 default profile: "default" 
25-08-07 12:56:58.638 [main] INFO  o.s.d.r.c.RepositoryConfigurationDelegate - Multiple Spring Data modules found, entering strict repository configuration mode 
25-08-07 12:56:58.639 [main] INFO  o.s.d.r.c.RepositoryConfigurationDelegate - Bootstrapping Spring Data JPA repositories in DEFAULT mode. 
25-08-07 12:56:59.418 [main] INFO  o.s.d.r.c.RepositoryConfigurationDelegate - Finished Spring Data repository scanning in 730 ms. Found 3 JPA repository interfaces. 
25-08-07 12:56:59.440 [main] INFO  o.s.d.r.c.RepositoryConfigurationDelegate - Multiple Spring Data modules found, entering strict repository configuration mode 
25-08-07 12:56:59.444 [main] INFO  o.s.d.r.c.RepositoryConfigurationDelegate - Bootstrapping Spring Data JPA repositories in DEFAULT mode. 
25-08-07 12:56:59.499 [main] INFO  o.s.d.r.c.RepositoryConfigurationDelegate - Finished Spring Data repository scanning in 40 ms. Found 1 JPA repository interface. 
25-08-07 12:57:00.674 [main] INFO  o.s.d.r.c.RepositoryConfigurationDelegate - Multiple Spring Data modules found, entering strict repository configuration mode 
25-08-07 12:57:00.683 [main] INFO  o.s.d.r.c.RepositoryConfigurationDelegate - Bootstrapping Spring Data Redis repositories in DEFAULT mode. 
25-08-07 12:57:00.818 [main] INFO  o.s.d.r.c.RepositoryConfigurationExtensionSupport - Spring Data Redis - Could not safely identify store assignment for repository candidate interface com.example.Employee_Directory.repository.employee.EmployeeRepo; If you want this repository to be a Redis repository, consider annotating your entities with one of these annotations: org.springframework.data.redis.core.RedisHash (preferred), or consider extending one of the following types with your repository: org.springframework.data.keyvalue.repository.KeyValueRepository 
25-08-07 12:57:00.820 [main] INFO  o.s.d.r.c.RepositoryConfigurationExtensionSupport - Spring Data Redis - Could not safely identify store assignment for repository candidate interface com.example.Employee_Directory.repository.role.RoleRepository; If you want this repository to be a Redis repository, consider annotating your entities with one of these annotations: org.springframework.data.redis.core.RedisHash (preferred), or consider extending one of the following types with your repository: org.springframework.data.keyvalue.repository.KeyValueRepository 
25-08-07 12:57:00.821 [main] INFO  o.s.d.r.c.RepositoryConfigurationExtensionSupport - Spring Data Redis - Could not safely identify store assignment for repository candidate interface com.example.Employee_Directory.repository.student.StudentRepository; If you want this repository to be a Redis repository, consider annotating your entities with one of these annotations: org.springframework.data.redis.core.RedisHash (preferred), or consider extending one of the following types with your repository: org.springframework.data.keyvalue.repository.KeyValueRepository 
25-08-07 12:57:00.822 [main] INFO  o.s.d.r.c.RepositoryConfigurationExtensionSupport - Spring Data Redis - Could not safely identify store assignment for repository candidate interface com.example.Employee_Directory.repository.user.UserRepository; If you want this repository to be a Redis repository, consider annotating your entities with one of these annotations: org.springframework.data.redis.core.RedisHash (preferred), or consider extending one of the following types with your repository: org.springframework.data.keyvalue.repository.KeyValueRepository 
25-08-07 12:57:00.824 [main] INFO  o.s.d.r.c.RepositoryConfigurationDelegate - Finished Spring Data repository scanning in 86 ms. Found 0 Redis repository interfaces. 
25-08-07 12:57:02.546 [main] INFO  com.zaxxer.hikari.HikariDataSource - HikariPool-1 - Starting... 
25-08-07 12:57:03.905 [main] INFO  com.zaxxer.hikari.pool.HikariPool - HikariPool-1 - Added connection com.mysql.cj.jdbc.ConnectionImpl@149d7cc6 
25-08-07 12:57:03.909 [main] INFO  com.zaxxer.hikari.HikariDataSource - HikariPool-1 - Start completed. 
25-08-07 12:57:04.171 [main] INFO  o.h.jpa.internal.util.LogHelper - HHH000204: Processing PersistenceUnitInfo [name: employee] 
25-08-07 12:57:04.447 [main] INFO  org.hibernate.Version - HHH000412: Hibernate ORM core version 6.6.18.Final 
25-08-07 12:57:04.622 [main] INFO  o.h.c.i.RegionFactoryInitiator - HHH000026: Second-level cache disabled 
25-08-07 12:57:05.853 [main] INFO  o.s.o.j.p.SpringPersistenceUnitInfo - No LoadTimeWeaver setup: ignoring JPA class transformer 
25-08-07 12:57:06.246 [main] INFO  o.hibernate.orm.connections.pooling - HHH10001005: Database info:
	Database JDBC URL [Connecting through datasource 'HikariDataSource (HikariPool-1)']
	Database driver: undefined/unknown
	Database version: 8.0.37
	Autocommit mode: undefined/unknown
	Isolation level: undefined/unknown
	Minimum pool size: undefined/unknown
	Maximum pool size: undefined/unknown 
25-08-07 12:57:07.915 [main] INFO  o.h.e.t.j.p.i.JtaPlatformInitiator - HHH000489: No JTA platform available (set 'hibernate.transaction.jta.platform' to enable JTA platform integration) 
25-08-07 12:57:08.111 [main] INFO  o.s.o.j.LocalContainerEntityManagerFactoryBean - Initialized JPA EntityManagerFactory for persistence unit 'employee' 
25-08-07 12:57:08.133 [main] INFO  o.h.jpa.internal.util.LogHelper - HHH000204: Processing PersistenceUnitInfo [name: student] 
25-08-07 12:57:08.135 [main] INFO  o.h.c.i.RegionFactoryInitiator - HHH000026: Second-level cache disabled 
25-08-07 12:57:08.150 [main] INFO  o.s.o.j.p.SpringPersistenceUnitInfo - No LoadTimeWeaver setup: ignoring JPA class transformer 
25-08-07 12:57:08.151 [main] INFO  com.zaxxer.hikari.HikariDataSource - HikariPool-2 - Starting... 
25-08-07 12:57:08.186 [main] INFO  com.zaxxer.hikari.pool.HikariPool - HikariPool-2 - Added connection com.mysql.cj.jdbc.ConnectionImpl@3857c5d5 
25-08-07 12:57:08.187 [main] INFO  com.zaxxer.hikari.HikariDataSource - HikariPool-2 - Start completed. 
25-08-07 12:57:08.191 [main] INFO  o.hibernate.orm.connections.pooling - HHH10001005: Database info:
	Database JDBC URL [Connecting through datasource 'HikariDataSource (HikariPool-2)']
	Database driver: undefined/unknown
	Database version: 8.0.37
	Autocommit mode: undefined/unknown
	Isolation level: undefined/unknown
	Minimum pool size: undefined/unknown
	Maximum pool size: undefined/unknown 
25-08-07 12:57:08.242 [main] INFO  o.h.e.t.j.p.i.JtaPlatformInitiator - HHH000489: No JTA platform available (set 'hibernate.transaction.jta.platform' to enable JTA platform integration) 
25-08-07 12:57:08.300 [main] INFO  o.s.o.j.LocalContainerEntityManagerFactoryBean - Initialized JPA EntityManagerFactory for persistence unit 'student' 
25-08-07 12:57:09.334 [main] INFO  o.s.s.c.a.a.c.InitializeUserDetailsBeanManagerConfigurer$InitializeUserDetailsManagerConfigurer - Global AuthenticationManager configured with UserDetailsService bean with name userDetailsServiceImpl 
25-08-07 12:57:09.994 [main] WARN  o.s.b.a.o.j.JpaBaseConfiguration$JpaWebConfiguration - spring.jpa.open-in-view is enabled by default. Therefore, database queries may be performed during view rendering. Explicitly configure spring.jpa.open-in-view to disable this warning 
25-08-07 12:57:12.749 [main] INFO  c.e.E.service.RedisConnectivityTest - Started RedisConnectivityTest in 17.727 seconds (process running for 22.445) 
25-08-07 12:57:13.982 [main] INFO  c.e.E.service.RedisConnectivityTest - Redis is connected successfully. Value: Hello Redis! 
25-08-07 12:57:14.064 [SpringApplicationShutdownHook] INFO  o.s.o.j.LocalContainerEntityManagerFactoryBean - Closing JPA EntityManagerFactory for persistence unit 'student' 
25-08-07 12:57:14.070 [SpringApplicationShutdownHook] INFO  com.zaxxer.hikari.HikariDataSource - HikariPool-2 - Shutdown initiated... 
25-08-07 12:57:14.093 [SpringApplicationShutdownHook] INFO  com.zaxxer.hikari.HikariDataSource - HikariPool-2 - Shutdown completed. 
25-08-07 12:57:14.093 [SpringApplicationShutdownHook] INFO  o.s.o.j.LocalContainerEntityManagerFactoryBean - Closing JPA EntityManagerFactory for persistence unit 'employee' 
25-08-07 12:57:14.095 [SpringApplicationShutdownHook] INFO  com.zaxxer.hikari.HikariDataSource - HikariPool-1 - Shutdown initiated... 
25-08-07 12:57:14.109 [SpringApplicationShutdownHook] INFO  com.zaxxer.hikari.HikariDataSource - HikariPool-1 - Shutdown completed. 
25-08-07 13:03:13.368 [main] INFO  o.s.t.c.s.AnnotationConfigContextLoaderUtils - Could not detect default configuration classes for test class [com.example.Employee_Directory.service.RedisConnectivityTest]: RedisConnectivityTest does not declare any static, non-private, non-final, nested classes annotated with @Configuration. 
25-08-07 13:03:13.823 [main] INFO  o.s.b.t.c.SpringBootTestContextBootstrapper - Found @SpringBootConfiguration com.example.Employee_Directory.EmployeeDirectoryApplication for test class com.example.Employee_Directory.service.RedisConnectivityTest 
25-08-07 13:03:14.435 [main] INFO  o.s.b.d.r.RestartApplicationListener - Restart disabled due to context in which it is running 
25-08-07 13:03:15.346 [main] WARN  o.s.b.t.j.DuplicateJsonObjectContextCustomizerFactory$DuplicateJsonObjectContextCustomizer - 

Found multiple occurrences of org.json.JSONObject on the class path:

	jar:file:/C:/Users/Aamir/.m2/repository/org/json/json/20250107/json-20250107.jar!/org/json/JSONObject.class
	jar:file:/C:/Users/Aamir/.m2/repository/com/vaadin/external/google/android-json/0.0.20131108.vaadin1/android-json-0.0.20131108.vaadin1.jar!/org/json/JSONObject.class

You may wish to exclude one of them to ensure predictable runtime behavior
 
25-08-07 13:03:15.404 [main] INFO  c.e.E.service.RedisConnectivityTest - Starting RedisConnectivityTest using Java 22.0.2 with PID 6064 (started by Aamir in E:\java-springboot\Employee_Directory\Employee_Directory) 
25-08-07 13:03:15.406 [main] INFO  c.e.E.service.RedisConnectivityTest - No active profile set, falling back to 1 default profile: "default" 
25-08-07 13:03:17.820 [main] INFO  o.s.d.r.c.RepositoryConfigurationDelegate - Multiple Spring Data modules found, entering strict repository configuration mode 
25-08-07 13:03:17.820 [main] INFO  o.s.d.r.c.RepositoryConfigurationDelegate - Bootstrapping Spring Data JPA repositories in DEFAULT mode. 
25-08-07 13:03:18.322 [main] INFO  o.s.d.r.c.RepositoryConfigurationDelegate - Finished Spring Data repository scanning in 464 ms. Found 3 JPA repository interfaces. 
25-08-07 13:03:18.327 [main] INFO  o.s.d.r.c.RepositoryConfigurationDelegate - Multiple Spring Data modules found, entering strict repository configuration mode 
25-08-07 13:03:18.327 [main] INFO  o.s.d.r.c.RepositoryConfigurationDelegate - Bootstrapping Spring Data JPA repositories in DEFAULT mode. 
25-08-07 13:03:18.348 [main] INFO  o.s.d.r.c.RepositoryConfigurationDelegate - Finished Spring Data repository scanning in 17 ms. Found 1 JPA repository interface. 
25-08-07 13:03:19.086 [main] INFO  o.s.d.r.c.RepositoryConfigurationDelegate - Multiple Spring Data modules found, entering strict repository configuration mode 
25-08-07 13:03:19.091 [main] INFO  o.s.d.r.c.RepositoryConfigurationDelegate - Bootstrapping Spring Data Redis repositories in DEFAULT mode. 
25-08-07 13:03:19.210 [main] INFO  o.s.d.r.c.RepositoryConfigurationExtensionSupport - Spring Data Redis - Could not safely identify store assignment for repository candidate interface com.example.Employee_Directory.repository.employee.EmployeeRepo; If you want this repository to be a Redis repository, consider annotating your entities with one of these annotations: org.springframework.data.redis.core.RedisHash (preferred), or consider extending one of the following types with your repository: org.springframework.data.keyvalue.repository.KeyValueRepository 
25-08-07 13:03:19.212 [main] INFO  o.s.d.r.c.RepositoryConfigurationExtensionSupport - Spring Data Redis - Could not safely identify store assignment for repository candidate interface com.example.Employee_Directory.repository.role.RoleRepository; If you want this repository to be a Redis repository, consider annotating your entities with one of these annotations: org.springframework.data.redis.core.RedisHash (preferred), or consider extending one of the following types with your repository: org.springframework.data.keyvalue.repository.KeyValueRepository 
25-08-07 13:03:19.212 [main] INFO  o.s.d.r.c.RepositoryConfigurationExtensionSupport - Spring Data Redis - Could not safely identify store assignment for repository candidate interface com.example.Employee_Directory.repository.student.StudentRepository; If you want this repository to be a Redis repository, consider annotating your entities with one of these annotations: org.springframework.data.redis.core.RedisHash (preferred), or consider extending one of the following types with your repository: org.springframework.data.keyvalue.repository.KeyValueRepository 
25-08-07 13:03:19.212 [main] INFO  o.s.d.r.c.RepositoryConfigurationExtensionSupport - Spring Data Redis - Could not safely identify store assignment for repository candidate interface com.example.Employee_Directory.repository.user.UserRepository; If you want this repository to be a Redis repository, consider annotating your entities with one of these annotations: org.springframework.data.redis.core.RedisHash (preferred), or consider extending one of the following types with your repository: org.springframework.data.keyvalue.repository.KeyValueRepository 
25-08-07 13:03:19.212 [main] INFO  o.s.d.r.c.RepositoryConfigurationDelegate - Finished Spring Data repository scanning in 79 ms. Found 0 Redis repository interfaces. 
25-08-07 13:03:20.996 [main] INFO  com.zaxxer.hikari.HikariDataSource - HikariPool-1 - Starting... 
25-08-07 13:03:22.292 [main] INFO  com.zaxxer.hikari.pool.HikariPool - HikariPool-1 - Added connection com.mysql.cj.jdbc.ConnectionImpl@350bbd5d 
25-08-07 13:03:22.300 [main] INFO  com.zaxxer.hikari.HikariDataSource - HikariPool-1 - Start completed. 
25-08-07 13:03:22.648 [main] INFO  o.h.jpa.internal.util.LogHelper - HHH000204: Processing PersistenceUnitInfo [name: employee] 
25-08-07 13:03:22.957 [main] INFO  org.hibernate.Version - HHH000412: Hibernate ORM core version 6.6.18.Final 
25-08-07 13:03:23.170 [main] INFO  o.h.c.i.RegionFactoryInitiator - HHH000026: Second-level cache disabled 
25-08-07 13:03:24.280 [main] INFO  o.s.o.j.p.SpringPersistenceUnitInfo - No LoadTimeWeaver setup: ignoring JPA class transformer 
25-08-07 13:03:24.661 [main] INFO  o.hibernate.orm.connections.pooling - HHH10001005: Database info:
	Database JDBC URL [Connecting through datasource 'HikariDataSource (HikariPool-1)']
	Database driver: undefined/unknown
	Database version: 8.0.37
	Autocommit mode: undefined/unknown
	Isolation level: undefined/unknown
	Minimum pool size: undefined/unknown
	Maximum pool size: undefined/unknown 
25-08-07 13:03:27.891 [main] INFO  o.h.e.t.j.p.i.JtaPlatformInitiator - HHH000489: No JTA platform available (set 'hibernate.transaction.jta.platform' to enable JTA platform integration) 
25-08-07 13:03:28.090 [main] INFO  o.s.o.j.LocalContainerEntityManagerFactoryBean - Initialized JPA EntityManagerFactory for persistence unit 'employee' 
25-08-07 13:03:28.130 [main] INFO  o.h.jpa.internal.util.LogHelper - HHH000204: Processing PersistenceUnitInfo [name: student] 
25-08-07 13:03:28.136 [main] INFO  o.h.c.i.RegionFactoryInitiator - HHH000026: Second-level cache disabled 
25-08-07 13:03:28.164 [main] INFO  o.s.o.j.p.SpringPersistenceUnitInfo - No LoadTimeWeaver setup: ignoring JPA class transformer 
25-08-07 13:03:28.167 [main] INFO  com.zaxxer.hikari.HikariDataSource - HikariPool-2 - Starting... 
25-08-07 13:03:28.217 [main] INFO  com.zaxxer.hikari.pool.HikariPool - HikariPool-2 - Added connection com.mysql.cj.jdbc.ConnectionImpl@7916568d 
25-08-07 13:03:28.218 [main] INFO  com.zaxxer.hikari.HikariDataSource - HikariPool-2 - Start completed. 
25-08-07 13:03:28.223 [main] INFO  o.hibernate.orm.connections.pooling - HHH10001005: Database info:
	Database JDBC URL [Connecting through datasource 'HikariDataSource (HikariPool-2)']
	Database driver: undefined/unknown
	Database version: 8.0.37
	Autocommit mode: undefined/unknown
	Isolation level: undefined/unknown
	Minimum pool size: undefined/unknown
	Maximum pool size: undefined/unknown 
25-08-07 13:03:28.328 [main] INFO  o.h.e.t.j.p.i.JtaPlatformInitiator - HHH000489: No JTA platform available (set 'hibernate.transaction.jta.platform' to enable JTA platform integration) 
25-08-07 13:03:28.431 [main] INFO  o.s.o.j.LocalContainerEntityManagerFactoryBean - Initialized JPA EntityManagerFactory for persistence unit 'student' 
25-08-07 13:03:29.948 [main] INFO  o.s.s.c.a.a.c.InitializeUserDetailsBeanManagerConfigurer$InitializeUserDetailsManagerConfigurer - Global AuthenticationManager configured with UserDetailsService bean with name userDetailsServiceImpl 
25-08-07 13:03:30.895 [main] WARN  o.s.b.a.o.j.JpaBaseConfiguration$JpaWebConfiguration - spring.jpa.open-in-view is enabled by default. Therefore, database queries may be performed during view rendering. Explicitly configure spring.jpa.open-in-view to disable this warning 
25-08-07 13:03:33.922 [main] INFO  c.e.E.service.RedisConnectivityTest - Started RedisConnectivityTest in 19.526 seconds (process running for 23.956) 
25-08-07 13:03:37.067 [main] INFO  c.e.E.service.RedisConnectivityTest - Redis is connected successfully. Value: Hello Redis! 
25-08-07 13:03:37.068 [main] INFO  c.e.E.service.RedisConnectivityTest - Current Redis DB: 0 
25-08-07 13:03:37.117 [SpringApplicationShutdownHook] INFO  o.s.o.j.LocalContainerEntityManagerFactoryBean - Closing JPA EntityManagerFactory for persistence unit 'student' 
25-08-07 13:03:37.121 [SpringApplicationShutdownHook] INFO  com.zaxxer.hikari.HikariDataSource - HikariPool-2 - Shutdown initiated... 
25-08-07 13:03:37.135 [SpringApplicationShutdownHook] INFO  com.zaxxer.hikari.HikariDataSource - HikariPool-2 - Shutdown completed. 
25-08-07 13:03:37.135 [SpringApplicationShutdownHook] INFO  o.s.o.j.LocalContainerEntityManagerFactoryBean - Closing JPA EntityManagerFactory for persistence unit 'employee' 
25-08-07 13:03:37.136 [SpringApplicationShutdownHook] INFO  com.zaxxer.hikari.HikariDataSource - HikariPool-1 - Shutdown initiated... 
25-08-07 13:03:37.147 [SpringApplicationShutdownHook] INFO  com.zaxxer.hikari.HikariDataSource - HikariPool-1 - Shutdown completed. 
25-08-07 13:09:15.003 [main] INFO  o.s.t.c.s.AnnotationConfigContextLoaderUtils - Could not detect default configuration classes for test class [com.example.Employee_Directory.service.RedisConnectivityTest]: RedisConnectivityTest does not declare any static, non-private, non-final, nested classes annotated with @Configuration. 
25-08-07 13:09:15.384 [main] INFO  o.s.b.t.c.SpringBootTestContextBootstrapper - Found @SpringBootConfiguration com.example.Employee_Directory.EmployeeDirectoryApplication for test class com.example.Employee_Directory.service.RedisConnectivityTest 
25-08-07 13:09:16.022 [main] INFO  o.s.b.d.r.RestartApplicationListener - Restart disabled due to context in which it is running 
25-08-07 13:09:16.746 [main] WARN  o.s.b.t.j.DuplicateJsonObjectContextCustomizerFactory$DuplicateJsonObjectContextCustomizer - 

Found multiple occurrences of org.json.JSONObject on the class path:

	jar:file:/C:/Users/Aamir/.m2/repository/org/json/json/20250107/json-20250107.jar!/org/json/JSONObject.class
	jar:file:/C:/Users/Aamir/.m2/repository/com/vaadin/external/google/android-json/0.0.20131108.vaadin1/android-json-0.0.20131108.vaadin1.jar!/org/json/JSONObject.class

You may wish to exclude one of them to ensure predictable runtime behavior
 
25-08-07 13:09:16.792 [main] INFO  c.e.E.service.RedisConnectivityTest - Starting RedisConnectivityTest using Java 22.0.2 with PID 29364 (started by Aamir in E:\java-springboot\Employee_Directory\Employee_Directory) 
25-08-07 13:09:16.795 [main] INFO  c.e.E.service.RedisConnectivityTest - No active profile set, falling back to 1 default profile: "default" 
25-08-07 13:09:18.602 [main] INFO  o.s.d.r.c.RepositoryConfigurationDelegate - Multiple Spring Data modules found, entering strict repository configuration mode 
25-08-07 13:09:18.603 [main] INFO  o.s.d.r.c.RepositoryConfigurationDelegate - Bootstrapping Spring Data JPA repositories in DEFAULT mode. 
25-08-07 13:09:18.961 [main] INFO  o.s.d.r.c.RepositoryConfigurationDelegate - Finished Spring Data repository scanning in 332 ms. Found 3 JPA repository interfaces. 
25-08-07 13:09:18.970 [main] INFO  o.s.d.r.c.RepositoryConfigurationDelegate - Multiple Spring Data modules found, entering strict repository configuration mode 
25-08-07 13:09:18.970 [main] INFO  o.s.d.r.c.RepositoryConfigurationDelegate - Bootstrapping Spring Data JPA repositories in DEFAULT mode. 
25-08-07 13:09:18.994 [main] INFO  o.s.d.r.c.RepositoryConfigurationDelegate - Finished Spring Data repository scanning in 18 ms. Found 1 JPA repository interface. 
25-08-07 13:09:19.545 [main] INFO  o.s.d.r.c.RepositoryConfigurationDelegate - Multiple Spring Data modules found, entering strict repository configuration mode 
25-08-07 13:09:19.547 [main] INFO  o.s.d.r.c.RepositoryConfigurationDelegate - Bootstrapping Spring Data Redis repositories in DEFAULT mode. 
25-08-07 13:09:19.640 [main] INFO  o.s.d.r.c.RepositoryConfigurationExtensionSupport - Spring Data Redis - Could not safely identify store assignment for repository candidate interface com.example.Employee_Directory.repository.employee.EmployeeRepo; If you want this repository to be a Redis repository, consider annotating your entities with one of these annotations: org.springframework.data.redis.core.RedisHash (preferred), or consider extending one of the following types with your repository: org.springframework.data.keyvalue.repository.KeyValueRepository 
25-08-07 13:09:19.641 [main] INFO  o.s.d.r.c.RepositoryConfigurationExtensionSupport - Spring Data Redis - Could not safely identify store assignment for repository candidate interface com.example.Employee_Directory.repository.role.RoleRepository; If you want this repository to be a Redis repository, consider annotating your entities with one of these annotations: org.springframework.data.redis.core.RedisHash (preferred), or consider extending one of the following types with your repository: org.springframework.data.keyvalue.repository.KeyValueRepository 
25-08-07 13:09:19.643 [main] INFO  o.s.d.r.c.RepositoryConfigurationExtensionSupport - Spring Data Redis - Could not safely identify store assignment for repository candidate interface com.example.Employee_Directory.repository.student.StudentRepository; If you want this repository to be a Redis repository, consider annotating your entities with one of these annotations: org.springframework.data.redis.core.RedisHash (preferred), or consider extending one of the following types with your repository: org.springframework.data.keyvalue.repository.KeyValueRepository 
25-08-07 13:09:19.644 [main] INFO  o.s.d.r.c.RepositoryConfigurationExtensionSupport - Spring Data Redis - Could not safely identify store assignment for repository candidate interface com.example.Employee_Directory.repository.user.UserRepository; If you want this repository to be a Redis repository, consider annotating your entities with one of these annotations: org.springframework.data.redis.core.RedisHash (preferred), or consider extending one of the following types with your repository: org.springframework.data.keyvalue.repository.KeyValueRepository 
25-08-07 13:09:19.644 [main] INFO  o.s.d.r.c.RepositoryConfigurationDelegate - Finished Spring Data repository scanning in 70 ms. Found 0 Redis repository interfaces. 
25-08-07 13:09:20.759 [main] INFO  com.zaxxer.hikari.HikariDataSource - HikariPool-1 - Starting... 
25-08-07 13:09:21.417 [main] INFO  com.zaxxer.hikari.pool.HikariPool - HikariPool-1 - Added connection com.mysql.cj.jdbc.ConnectionImpl@4a2e1e52 
25-08-07 13:09:21.421 [main] INFO  com.zaxxer.hikari.HikariDataSource - HikariPool-1 - Start completed. 
25-08-07 13:09:21.598 [main] INFO  o.h.jpa.internal.util.LogHelper - HHH000204: Processing PersistenceUnitInfo [name: employee] 
25-08-07 13:09:21.748 [main] INFO  org.hibernate.Version - HHH000412: Hibernate ORM core version 6.6.18.Final 
25-08-07 13:09:21.866 [main] INFO  o.h.c.i.RegionFactoryInitiator - HHH000026: Second-level cache disabled 
25-08-07 13:09:22.529 [main] INFO  o.s.o.j.p.SpringPersistenceUnitInfo - No LoadTimeWeaver setup: ignoring JPA class transformer 
25-08-07 13:09:22.688 [main] INFO  o.hibernate.orm.connections.pooling - HHH10001005: Database info:
	Database JDBC URL [Connecting through datasource 'HikariDataSource (HikariPool-1)']
	Database driver: undefined/unknown
	Database version: 8.0.37
	Autocommit mode: undefined/unknown
	Isolation level: undefined/unknown
	Minimum pool size: undefined/unknown
	Maximum pool size: undefined/unknown 
25-08-07 13:09:23.832 [main] INFO  o.h.e.t.j.p.i.JtaPlatformInitiator - HHH000489: No JTA platform available (set 'hibernate.transaction.jta.platform' to enable JTA platform integration) 
25-08-07 13:09:23.950 [main] INFO  o.s.o.j.LocalContainerEntityManagerFactoryBean - Initialized JPA EntityManagerFactory for persistence unit 'employee' 
25-08-07 13:09:23.965 [main] INFO  o.h.jpa.internal.util.LogHelper - HHH000204: Processing PersistenceUnitInfo [name: student] 
25-08-07 13:09:23.967 [main] INFO  o.h.c.i.RegionFactoryInitiator - HHH000026: Second-level cache disabled 
25-08-07 13:09:23.977 [main] INFO  o.s.o.j.p.SpringPersistenceUnitInfo - No LoadTimeWeaver setup: ignoring JPA class transformer 
25-08-07 13:09:23.979 [main] INFO  com.zaxxer.hikari.HikariDataSource - HikariPool-2 - Starting... 
25-08-07 13:09:24.005 [main] INFO  com.zaxxer.hikari.pool.HikariPool - HikariPool-2 - Added connection com.mysql.cj.jdbc.ConnectionImpl@634d56eb 
25-08-07 13:09:24.006 [main] INFO  com.zaxxer.hikari.HikariDataSource - HikariPool-2 - Start completed. 
25-08-07 13:09:24.008 [main] INFO  o.hibernate.orm.connections.pooling - HHH10001005: Database info:
	Database JDBC URL [Connecting through datasource 'HikariDataSource (HikariPool-2)']
	Database driver: undefined/unknown
	Database version: 8.0.37
	Autocommit mode: undefined/unknown
	Isolation level: undefined/unknown
	Minimum pool size: undefined/unknown
	Maximum pool size: undefined/unknown 
25-08-07 13:09:24.080 [main] INFO  o.h.e.t.j.p.i.JtaPlatformInitiator - HHH000489: No JTA platform available (set 'hibernate.transaction.jta.platform' to enable JTA platform integration) 
25-08-07 13:09:24.124 [main] INFO  o.s.o.j.LocalContainerEntityManagerFactoryBean - Initialized JPA EntityManagerFactory for persistence unit 'student' 
25-08-07 13:09:24.956 [main] INFO  o.s.s.c.a.a.c.InitializeUserDetailsBeanManagerConfigurer$InitializeUserDetailsManagerConfigurer - Global AuthenticationManager configured with UserDetailsService bean with name userDetailsServiceImpl 
25-08-07 13:09:25.652 [main] WARN  o.s.b.a.o.j.JpaBaseConfiguration$JpaWebConfiguration - spring.jpa.open-in-view is enabled by default. Therefore, database queries may be performed during view rendering. Explicitly configure spring.jpa.open-in-view to disable this warning 
25-08-07 13:09:28.732 [main] INFO  c.e.E.service.RedisConnectivityTest - Started RedisConnectivityTest in 12.755 seconds (process running for 16.852) 
25-08-07 13:09:30.338 [main] INFO  c.e.E.service.RedisConnectivityTest - Redis is connected successfully. Value: Hello Redis! 
25-08-07 13:09:30.338 [main] INFO  c.e.E.service.RedisConnectivityTest - Current Redis DB: 0 
25-08-07 13:09:30.486 [SpringApplicationShutdownHook] INFO  o.s.o.j.LocalContainerEntityManagerFactoryBean - Closing JPA EntityManagerFactory for persistence unit 'student' 
25-08-07 13:09:30.490 [SpringApplicationShutdownHook] INFO  com.zaxxer.hikari.HikariDataSource - HikariPool-2 - Shutdown initiated... 
25-08-07 13:09:30.532 [SpringApplicationShutdownHook] INFO  com.zaxxer.hikari.HikariDataSource - HikariPool-2 - Shutdown completed. 
25-08-07 13:09:30.536 [SpringApplicationShutdownHook] INFO  o.s.o.j.LocalContainerEntityManagerFactoryBean - Closing JPA EntityManagerFactory for persistence unit 'employee' 
25-08-07 13:09:30.538 [SpringApplicationShutdownHook] INFO  com.zaxxer.hikari.HikariDataSource - HikariPool-1 - Shutdown initiated... 
25-08-07 13:09:30.566 [SpringApplicationShutdownHook] INFO  com.zaxxer.hikari.HikariDataSource - HikariPool-1 - Shutdown completed. 
25-08-07 13:26:51.089 [main] INFO  o.s.t.c.s.AnnotationConfigContextLoaderUtils - Could not detect default configuration classes for test class [com.example.Employee_Directory.service.RedisConnectivityTest]: RedisConnectivityTest does not declare any static, non-private, non-final, nested classes annotated with @Configuration. 
25-08-07 13:26:51.753 [main] INFO  o.s.b.t.c.SpringBootTestContextBootstrapper - Found @SpringBootConfiguration com.example.Employee_Directory.EmployeeDirectoryApplication for test class com.example.Employee_Directory.service.RedisConnectivityTest 
25-08-07 13:26:52.634 [main] INFO  o.s.b.d.r.RestartApplicationListener - Restart disabled due to context in which it is running 
25-08-07 13:26:54.164 [main] WARN  o.s.b.t.j.DuplicateJsonObjectContextCustomizerFactory$DuplicateJsonObjectContextCustomizer - 

Found multiple occurrences of org.json.JSONObject on the class path:

	jar:file:/C:/Users/Aamir/.m2/repository/org/json/json/20250107/json-20250107.jar!/org/json/JSONObject.class
	jar:file:/C:/Users/Aamir/.m2/repository/com/vaadin/external/google/android-json/0.0.20131108.vaadin1/android-json-0.0.20131108.vaadin1.jar!/org/json/JSONObject.class

You may wish to exclude one of them to ensure predictable runtime behavior
 
25-08-07 13:26:54.365 [main] INFO  c.e.E.service.RedisConnectivityTest - Starting RedisConnectivityTest using Java 22.0.2 with PID 24604 (started by Aamir in E:\java-springboot\Employee_Directory\Employee_Directory) 
25-08-07 13:26:54.375 [main] INFO  c.e.E.service.RedisConnectivityTest - No active profile set, falling back to 1 default profile: "default" 
25-08-07 13:26:57.129 [main] INFO  o.s.d.r.c.RepositoryConfigurationDelegate - Multiple Spring Data modules found, entering strict repository configuration mode 
25-08-07 13:26:57.130 [main] INFO  o.s.d.r.c.RepositoryConfigurationDelegate - Bootstrapping Spring Data JPA repositories in DEFAULT mode. 
25-08-07 13:26:57.604 [main] INFO  o.s.d.r.c.RepositoryConfigurationDelegate - Finished Spring Data repository scanning in 421 ms. Found 3 JPA repository interfaces. 
25-08-07 13:26:57.609 [main] INFO  o.s.d.r.c.RepositoryConfigurationDelegate - Multiple Spring Data modules found, entering strict repository configuration mode 
25-08-07 13:26:57.609 [main] INFO  o.s.d.r.c.RepositoryConfigurationDelegate - Bootstrapping Spring Data JPA repositories in DEFAULT mode. 
25-08-07 13:26:57.624 [main] INFO  o.s.d.r.c.RepositoryConfigurationDelegate - Finished Spring Data repository scanning in 13 ms. Found 1 JPA repository interface. 
25-08-07 13:26:58.391 [main] INFO  o.s.d.r.c.RepositoryConfigurationDelegate - Multiple Spring Data modules found, entering strict repository configuration mode 
25-08-07 13:26:58.398 [main] INFO  o.s.d.r.c.RepositoryConfigurationDelegate - Bootstrapping Spring Data Redis repositories in DEFAULT mode. 
25-08-07 13:26:58.548 [main] INFO  o.s.d.r.c.RepositoryConfigurationExtensionSupport - Spring Data Redis - Could not safely identify store assignment for repository candidate interface com.example.Employee_Directory.repository.employee.EmployeeRepo; If you want this repository to be a Redis repository, consider annotating your entities with one of these annotations: org.springframework.data.redis.core.RedisHash (preferred), or consider extending one of the following types with your repository: org.springframework.data.keyvalue.repository.KeyValueRepository 
25-08-07 13:26:58.549 [main] INFO  o.s.d.r.c.RepositoryConfigurationExtensionSupport - Spring Data Redis - Could not safely identify store assignment for repository candidate interface com.example.Employee_Directory.repository.role.RoleRepository; If you want this repository to be a Redis repository, consider annotating your entities with one of these annotations: org.springframework.data.redis.core.RedisHash (preferred), or consider extending one of the following types with your repository: org.springframework.data.keyvalue.repository.KeyValueRepository 
25-08-07 13:26:58.551 [main] INFO  o.s.d.r.c.RepositoryConfigurationExtensionSupport - Spring Data Redis - Could not safely identify store assignment for repository candidate interface com.example.Employee_Directory.repository.student.StudentRepository; If you want this repository to be a Redis repository, consider annotating your entities with one of these annotations: org.springframework.data.redis.core.RedisHash (preferred), or consider extending one of the following types with your repository: org.springframework.data.keyvalue.repository.KeyValueRepository 
25-08-07 13:26:58.551 [main] INFO  o.s.d.r.c.RepositoryConfigurationExtensionSupport - Spring Data Redis - Could not safely identify store assignment for repository candidate interface com.example.Employee_Directory.repository.user.UserRepository; If you want this repository to be a Redis repository, consider annotating your entities with one of these annotations: org.springframework.data.redis.core.RedisHash (preferred), or consider extending one of the following types with your repository: org.springframework.data.keyvalue.repository.KeyValueRepository 
25-08-07 13:26:58.551 [main] INFO  o.s.d.r.c.RepositoryConfigurationDelegate - Finished Spring Data repository scanning in 96 ms. Found 0 Redis repository interfaces. 
25-08-07 13:27:01.087 [main] INFO  com.zaxxer.hikari.HikariDataSource - HikariPool-1 - Starting... 
25-08-07 13:27:05.074 [main] INFO  com.zaxxer.hikari.pool.HikariPool - HikariPool-1 - Added connection com.mysql.cj.jdbc.ConnectionImpl@24fc2c80 
25-08-07 13:27:05.101 [main] INFO  com.zaxxer.hikari.HikariDataSource - HikariPool-1 - Start completed. 
25-08-07 13:27:06.221 [main] INFO  o.h.jpa.internal.util.LogHelper - HHH000204: Processing PersistenceUnitInfo [name: employee] 
25-08-07 13:27:06.680 [main] INFO  org.hibernate.Version - HHH000412: Hibernate ORM core version 6.6.18.Final 
25-08-07 13:27:06.952 [main] INFO  o.h.c.i.RegionFactoryInitiator - HHH000026: Second-level cache disabled 
25-08-07 13:27:08.810 [main] INFO  o.s.o.j.p.SpringPersistenceUnitInfo - No LoadTimeWeaver setup: ignoring JPA class transformer 
25-08-07 13:27:09.193 [main] INFO  o.hibernate.orm.connections.pooling - HHH10001005: Database info:
	Database JDBC URL [Connecting through datasource 'HikariDataSource (HikariPool-1)']
	Database driver: undefined/unknown
	Database version: 8.0.37
	Autocommit mode: undefined/unknown
	Isolation level: undefined/unknown
	Minimum pool size: undefined/unknown
	Maximum pool size: undefined/unknown 
25-08-07 13:27:11.980 [main] INFO  o.h.e.t.j.p.i.JtaPlatformInitiator - HHH000489: No JTA platform available (set 'hibernate.transaction.jta.platform' to enable JTA platform integration) 
25-08-07 13:27:12.253 [main] INFO  o.s.o.j.LocalContainerEntityManagerFactoryBean - Initialized JPA EntityManagerFactory for persistence unit 'employee' 
25-08-07 13:27:12.278 [main] INFO  o.h.jpa.internal.util.LogHelper - HHH000204: Processing PersistenceUnitInfo [name: student] 
25-08-07 13:27:12.281 [main] INFO  o.h.c.i.RegionFactoryInitiator - HHH000026: Second-level cache disabled 
25-08-07 13:27:12.295 [main] INFO  o.s.o.j.p.SpringPersistenceUnitInfo - No LoadTimeWeaver setup: ignoring JPA class transformer 
25-08-07 13:27:12.296 [main] INFO  com.zaxxer.hikari.HikariDataSource - HikariPool-2 - Starting... 
25-08-07 13:27:12.329 [main] INFO  com.zaxxer.hikari.pool.HikariPool - HikariPool-2 - Added connection com.mysql.cj.jdbc.ConnectionImpl@23263586 
25-08-07 13:27:12.329 [main] INFO  com.zaxxer.hikari.HikariDataSource - HikariPool-2 - Start completed. 
25-08-07 13:27:12.333 [main] INFO  o.hibernate.orm.connections.pooling - HHH10001005: Database info:
	Database JDBC URL [Connecting through datasource 'HikariDataSource (HikariPool-2)']
	Database driver: undefined/unknown
	Database version: 8.0.37
	Autocommit mode: undefined/unknown
	Isolation level: undefined/unknown
	Minimum pool size: undefined/unknown
	Maximum pool size: undefined/unknown 
25-08-07 13:27:12.395 [main] INFO  o.h.e.t.j.p.i.JtaPlatformInitiator - HHH000489: No JTA platform available (set 'hibernate.transaction.jta.platform' to enable JTA platform integration) 
25-08-07 13:27:12.447 [main] INFO  o.s.o.j.LocalContainerEntityManagerFactoryBean - Initialized JPA EntityManagerFactory for persistence unit 'student' 
25-08-07 13:27:14.832 [main] INFO  o.s.s.c.a.a.c.InitializeUserDetailsBeanManagerConfigurer$InitializeUserDetailsManagerConfigurer - Global AuthenticationManager configured with UserDetailsService bean with name userDetailsServiceImpl 
25-08-07 13:27:16.210 [main] WARN  o.s.b.a.o.j.JpaBaseConfiguration$JpaWebConfiguration - spring.jpa.open-in-view is enabled by default. Therefore, database queries may be performed during view rendering. Explicitly configure spring.jpa.open-in-view to disable this warning 
25-08-07 13:27:21.147 [main] INFO  c.e.E.service.RedisConnectivityTest - Started RedisConnectivityTest in 28.567 seconds (process running for 34.285) 
25-08-07 13:28:42.486 [HikariPool-1:housekeeper] WARN  com.zaxxer.hikari.pool.HikariPool - HikariPool-1 - Thread starvation or clock leap detected (housekeeper delta=57s766ms387µs900ns). 
25-08-07 13:28:42.486 [HikariPool-2:housekeeper] WARN  com.zaxxer.hikari.pool.HikariPool - HikariPool-2 - Thread starvation or clock leap detected (housekeeper delta=57s766ms439µs800ns). 
25-08-07 13:29:34.915 [HikariPool-1:housekeeper] WARN  com.zaxxer.hikari.pool.HikariPool - HikariPool-1 - Thread starvation or clock leap detected (housekeeper delta=52s429ms786µs200ns). 
25-08-07 13:29:34.917 [HikariPool-2:housekeeper] WARN  com.zaxxer.hikari.pool.HikariPool - HikariPool-2 - Thread starvation or clock leap detected (housekeeper delta=52s432ms172µs). 
25-08-07 13:29:34.946 [main] INFO  c.e.E.service.RedisConnectivityTest - Redis is connected successfully. Value: Hello Redis! 
25-08-07 13:29:34.948 [main] INFO  c.e.E.service.RedisConnectivityTest - Current Redis DB: 0 
25-08-07 13:29:35.052 [SpringApplicationShutdownHook] INFO  o.s.o.j.LocalContainerEntityManagerFactoryBean - Closing JPA EntityManagerFactory for persistence unit 'student' 
25-08-07 13:29:35.056 [SpringApplicationShutdownHook] INFO  com.zaxxer.hikari.HikariDataSource - HikariPool-2 - Shutdown initiated... 
25-08-07 13:29:35.080 [SpringApplicationShutdownHook] INFO  com.zaxxer.hikari.HikariDataSource - HikariPool-2 - Shutdown completed. 
25-08-07 13:29:35.081 [SpringApplicationShutdownHook] INFO  o.s.o.j.LocalContainerEntityManagerFactoryBean - Closing JPA EntityManagerFactory for persistence unit 'employee' 
25-08-07 13:29:35.083 [SpringApplicationShutdownHook] INFO  com.zaxxer.hikari.HikariDataSource - HikariPool-1 - Shutdown initiated... 
25-08-07 13:29:35.100 [SpringApplicationShutdownHook] INFO  com.zaxxer.hikari.HikariDataSource - HikariPool-1 - Shutdown completed. 
